<?xml version="1.0" encoding="UTF-8"?>
<!-- Generated by org.testng.reporters.JUnitReportReporter -->
<testsuite hostname="LAPTOP-0SSE1271" failures="0" tests="3" name="com.crm.qa.testcases.MyAccountPageTest" time="39.686" errors="0" timestamp="2020-01-15T16:02:43 IST" skipped="0">
  <testcase classname="com.crm.qa.testcases.MyAccountPageTest" name="validateMyAccountPageTitleTest" time="11.024"/>
  <testcase classname="com.crm.qa.testcases.MyAccountPageTest" name="validateUserNameDisplayTest" time="13.917"/>
  <testcase classname="com.crm.qa.testcases.MyAccountPageTest" name="validateContactsLinkTest" time="14.745"/>
</testsuite> <!-- com.crm.qa.testcases.MyAccountPageTest -->
