<?xml version="1.0" encoding="UTF-8"?>
<!-- Generated by org.testng.reporters.JUnitReportReporter -->
<testsuite hostname="LAPTOP-0SSE1271" failures="0" tests="3" name="com.crm.qa.testcases.HomePageTest" time="29.861" errors="0" timestamp="2020-01-15T16:02:43 IST" skipped="0">
  <testcase classname="com.crm.qa.testcases.HomePageTest" name="homePageTitleTest" time="8.350"/>
  <testcase classname="com.crm.qa.testcases.HomePageTest" name="homePageLogoTest" time="7.928"/>
  <testcase classname="com.crm.qa.testcases.HomePageTest" name="loginTest" time="13.583"/>
</testsuite> <!-- com.crm.qa.testcases.HomePageTest -->
