<?xml version="1.0" encoding="UTF-8"?>
<!-- Generated by org.testng.reporters.JUnitReportReporter -->
<testsuite hostname="LAPTOP-0SSE1271" failures="0" tests="2" name="com.crm.qa.testcases.ContactsPageTest" time="35.454" errors="0" timestamp="2020-01-15T16:02:43 IST" skipped="0">
  <testcase classname="com.crm.qa.testcases.ContactsPageTest" name="verifyContactsLabelTextTest" time="15.439"/>
  <testcase classname="com.crm.qa.testcases.ContactsPageTest" name="selectContactByNameTest" time="20.015"/>
</testsuite> <!-- com.crm.qa.testcases.ContactsPageTest -->
