<?xml version="1.0" encoding="UTF-8"?>
<!-- Generated by org.testng.reporters.JUnitReportReporter -->
<testsuite hostname="LAPTOP-0SSE1271" failures="0" tests="3" name="com.crm.qa.testcases.CreateNewContactPageTest" time="107.019" errors="0" timestamp="14 Jan 2020 14:54:28 GMT" skipped="0">
  <testcase classname="com.crm.qa.testcases.CreateNewContactPageTest" name="validateCreateNewContactTest" time="35.767"/>
  <testcase classname="com.crm.qa.testcases.CreateNewContactPageTest" name="validateCreateNewContactTest" time="35.418"/>
  <testcase classname="com.crm.qa.testcases.CreateNewContactPageTest" name="validateCreateNewContactTest" time="35.834"/>
</testsuite> <!-- com.crm.qa.testcases.CreateNewContactPageTest -->
