<?xml version="1.0" encoding="UTF-8"?>
<!-- Generated by org.testng.reporters.JUnitReportReporter -->
<testsuite hostname="LAPTOP-0SSE1271" failures="0" tests="2" name="com.crm.qa.testcases.LoginPageTest" time="26.014" errors="0" timestamp="2020-01-15T16:02:43 IST" skipped="0">
  <testcase classname="com.crm.qa.testcases.LoginPageTest" name="validateLoginPageTitleTest" time="12.299"/>
  <testcase classname="com.crm.qa.testcases.LoginPageTest" name="loginToMyaccountTest" time="13.715"/>
</testsuite> <!-- com.crm.qa.testcases.LoginPageTest -->
